Started by user [8mha:AAAAmh+LCAAAAAAAAP9b85aBtbiIQTGjNKU4P08vOT+vOD8nVc83PyU1x6OyILUoJzMv2y+/JJUBAhiZGBgqihhk0NSjKDWzXb3RdlLBUSYGJk8GtpzUvPSSDB8G5tKinBIGIZ+sxLJE/ZzEvHT94JKizLx0a6BxUmjGOUNodHsLgAyeEgY+/dLi1CL93KyM/LS0XCMANaB+2cMAAAA=[0mMatt Hoffman
Building in workspace /home/mjhoffm2/.jenkins/jobs/testjob/workspace
Switching from https://subversion.ews.illinois.edu/svn/fa15-cs427/_projects/mjhoffm2_saraf3/mp3 to https://subversion.ews.illinois.edu/svn/fa15-cs427/mjhoffm2/mp1
Switching to https://subversion.ews.illinois.edu/svn/fa15-cs427/mjhoffm2/mp1 at revision '2015-10-18T17:30:02.995 -0500'
A         criss-cross-id.txt
D         trunk/pair_config.xml
D         trunk/mp3_maven_config.xml
D         trunk/jenkins_coverage.xml
D         trunk/src/test/resources
D         trunk/src/test/java/edu
A         trunk/src/test/java/pkg
A         trunk/src/test/java/pkg/SequenceUtilTest.java
D         trunk/src/main/java/edu
A         trunk/src/main/java/pkg
A         trunk/src/main/java/pkg/SequenceUtil.java
A         trunk/src/main/java/pkg/Sequence.java
A         trunk/src/main/java/pkg/MySequence.java
AU        trunk/build.sh
U         trunk/pom.xml
D         tags/mp3submitted
A         tags/mp1submitted
A         tags/mp1submitted/src
A         tags/mp1submitted/src/test
A         tags/mp1submitted/src/test/java
A         tags/mp1submitted/src/test/java/pkg
A         tags/mp1submitted/src/test/java/pkg/SequenceUtilTest.java
A         tags/mp1submitted/src/main
A         tags/mp1submitted/src/main/java
A         tags/mp1submitted/src/main/java/pkg
A         tags/mp1submitted/src/main/java/pkg/SequenceUtil.java
A         tags/mp1submitted/src/main/java/pkg/Sequence.java
A         tags/mp1submitted/src/main/java/pkg/MySequence.java
AU        tags/mp1submitted/build.sh
A         tags/mp1submitted/pom.xml
At revision 15698
no revision recorded for https://subversion.ews.illinois.edu/svn/fa15-cs427/mjhoffm2/mp1 in the previous build
[trunk] $ mvn verify
[INFO] Scanning for projects...
[INFO] ------------------------------------------------------------------------
[INFO] BUILD FAILURE
[INFO] ------------------------------------------------------------------------
[INFO] Total time: 0.107s
[INFO] Finished at: Sun Oct 18 17:30:05 CDT 2015
[INFO] Final Memory: 5M/57M
[INFO] ------------------------------------------------------------------------
[8mha:AAAAYB+LCAAAAAAAAP9b85aBtbiIQSmjNKU4P0+vJLE4u1gvPjexLDVPzxdEuhYV5Rf55ZekOlc7RKnPKH7IxMBQUcQgBdWQnJ9XnJ+TqucMoUEKGSCAEaSwAACsNFCqYAAAAA==[0m[ERROR] The goal you specified requires a project to execute but there is no POM in this directory (/home/mjhoffm2/.jenkins/jobs/testjob/workspace/trunk). Please verify you invoked Maven from the correct directory. -> [Help 1]
[8mha:AAAAYB+LCAAAAAAAAP9b85aBtbiIQSmjNKU4P0+vJLE4u1gvPjexLDVPzxdEuhYV5Rf55ZekOlc7RKnPKH7IxMBQUcQgBdWQnJ9XnJ+TqucMoUEKGSCAEaSwAACsNFCqYAAAAA==[0m[ERROR] 
[8mha:AAAAYB+LCAAAAAAAAP9b85aBtbiIQSmjNKU4P0+vJLE4u1gvPjexLDVPzxdEuhYV5Rf55ZekOlc7RKnPKH7IxMBQUcQgBdWQnJ9XnJ+TqucMoUEKGSCAEaSwAACsNFCqYAAAAA==[0m[ERROR] To see the full stack trace of the errors, re-run Maven with the -e switch.
[8mha:AAAAYB+LCAAAAAAAAP9b85aBtbiIQSmjNKU4P0+vJLE4u1gvPjexLDVPzxdEuhYV5Rf55ZekOlc7RKnPKH7IxMBQUcQgBdWQnJ9XnJ+TqucMoUEKGSCAEaSwAACsNFCqYAAAAA==[0m[ERROR] Re-run Maven using the -X switch to enable full debug logging.
[8mha:AAAAYB+LCAAAAAAAAP9b85aBtbiIQSmjNKU4P0+vJLE4u1gvPjexLDVPzxdEuhYV5Rf55ZekOlc7RKnPKH7IxMBQUcQgBdWQnJ9XnJ+TqucMoUEKGSCAEaSwAACsNFCqYAAAAA==[0m[ERROR] 
[8mha:AAAAYB+LCAAAAAAAAP9b85aBtbiIQSmjNKU4P0+vJLE4u1gvPjexLDVPzxdEuhYV5Rf55ZekOlc7RKnPKH7IxMBQUcQgBdWQnJ9XnJ+TqucMoUEKGSCAEaSwAACsNFCqYAAAAA==[0m[ERROR] For more information about the errors and possible solutions, please read the following articles:
[8mha:AAAAYB+LCAAAAAAAAP9b85aBtbiIQSmjNKU4P0+vJLE4u1gvPjexLDVPzxdEuhYV5Rf55ZekOlc7RKnPKH7IxMBQUcQgBdWQnJ9XnJ+TqucMoUEKGSCAEaSwAACsNFCqYAAAAA==[0m[ERROR] [Help 1] http://cwiki.apache.org/confluence/display/MAVEN/MissingProjectException
Build step 'Invoke top-level Maven targets' marked build as failure
Recording test results
ERROR: Publisher 'Publish JUnit test result report' failed: No test report files were found. Configuration error?
[8mha:AAAAWB+LCAAAAAAAAP9b85aBtbiIQSmjNKU4P08vOT+vOD8nVc8DzHWtSE4tKMnMz/PLL0ldFVf2c+b/lb5MDAwVRQxSaBqcITRIIQMEMIIUFgAAckCEiWAAAAA=[0mFinished: FAILURE
